Using pre-set license
Built from '2020.3/staging' branch; Version is '2020.3.11f1 (99c7afb366b3) revision 10078127'; Using compiler version '192528614'; Build Type 'Release'
OS: 'Windows 10 Home; OS build 19042.1052; Version 2009; 64bit' Language: 'en' Physical Memory: 16306 MB
BatchMode: 1, IsHumanControllingUs: 0, StartBugReporterOnCrash: 0, Is64bit: 1, IsPro: 0

 COMMAND LINE ARGUMENTS:
C:\Program Files\Unity\Hub\Editor\2020.3.11f1\Editor\Unity.exe
-adb2
-batchMode
-noUpm
-name
AssetImportWorker1
-projectPath
D:/Unity Projects/Testing/2D Game
-logFile
Logs/AssetImportWorker1.log
-srvPort
52348
Successfully changed project path to: D:/Unity Projects/Testing/2D Game
D:/Unity Projects/Testing/2D Game
Using Asset Import Pipeline V2.
Refreshing native plugins compatible for Editor in 41.45 ms, found 3 plugins.
Preloading 0 native plugins for Editor in 0.00 ms.
Initialize engine version: 2020.3.11f1 (99c7afb366b3)
[Subsystems] Discovering subsystems at path C:/Program Files/Unity/Hub/Editor/2020.3.11f1/Editor/Data/Resources/UnitySubsystems
[Subsystems] Discovering subsystems at path D:/Unity Projects/Testing/2D Game/Assets
GfxDevice: creating device client; threaded=0
Direct3D:
    Version:  Direct3D 11.0 [level 11.1]
    Renderer: NVIDIA GeForce GTX 980 Ti (ID=0x17c8)
    Vendor:   
    VRAM:     6097 MB
    Driver:   27.21.14.6647
Initialize mono
Mono path[0] = 'C:/Program Files/Unity/Hub/Editor/2020.3.11f1/Editor/Data/Managed'
Mono path[1] = 'C:/Program Files/Unity/Hub/Editor/2020.3.11f1/Editor/Data/MonoBleedingEdge/lib/mono/unityjit'
Mono config path = 'C:/Program Files/Unity/Hub/Editor/2020.3.11f1/Editor/Data/MonoBleedingEdge/etc'
Using monoOptions --debugger-agent=transport=dt_socket,embedding=1,server=y,suspend=n,address=127.0.0.1:56588
Begin MonoManager ReloadAssembly
Registering precompiled unity dll's ...
Register platform support module: C:/Program Files/Unity/Hub/Editor/2020.3.11f1/Editor/Data/PlaybackEngines/WebGLSupport/UnityEditor.WebGL.Extensions.dll
Register platform support module: C:/Program Files/Unity/Hub/Editor/2020.3.11f1/Editor/Data/PlaybackEngines/WindowsStandaloneSupport/UnityEditor.WindowsStandalone.Extensions.dll
Registered in 0.007385 seconds.
Native extension for WindowsStandalone target not found
Native extension for WebGL target not found
Refreshing native plugins compatible for Editor in 41.02 ms, found 3 plugins.
Preloading 0 native plugins for Editor in 0.00 ms.
Mono: successfully reloaded assembly
- Completed reload, in  3.908 seconds
Platform modules already initialized, skipping
Registering precompiled user dll's ...
Registered in 0.006424 seconds.
Begin MonoManager ReloadAssembly
Native extension for WindowsStandalone target not found
Native extension for WebGL target not found
Refreshing native plugins compatible for Editor in 38.03 ms, found 3 plugins.
Preloading 0 native plugins for Editor in 0.00 ms.
Mono: successfully reloaded assembly
- Completed reload, in  1.271 seconds
Platform modules already initialized, skipping
========================================================================
Worker process is ready to serve import requests
Launched and connected shader compiler UnityShaderCompiler.exe after 0.07 seconds
Refreshing native plugins compatible for Editor in 0.47 ms, found 3 plugins.
Preloading 0 native plugins for Editor in 0.00 ms.
Unloading 2081 Unused Serialized files (Serialized files now loaded: 0)
System memory in use before: 92.9 MB.
System memory in use after: 92.8 MB.

Unloading 33 unused Assets to reduce memory usage. Loaded Objects now: 2514.
Total: 2.515000 ms (FindLiveObjects: 0.236500 ms CreateObjectMapping: 0.086900 ms MarkObjects: 2.059700 ms  DeleteObjects: 0.131000 ms)

========================================================================
Received Import Request.
  path: Assets/Sprites/Character/Animations/PlayerRun.anim
  artifactKey: Guid(821fa4434270ef84b80cc13a047c39a5) Importer(815301076,1909f56bfc062723c751e8b465ee728b)
Start importing Assets/Sprites/Character/Animations/PlayerRun.anim using Guid(821fa4434270ef84b80cc13a047c39a5) Importer(815301076,1909f56bfc062723c751e8b465ee728b)  -> (artifact id: '14f7c68b58154a427f86106f9fc8eefa') in 0.060302 seconds
  Import took 0.081516 seconds .

========================================================================
Received Prepare
Registering precompiled user dll's ...
Registered in 0.006285 seconds.
Begin MonoManager ReloadAssembly
Native extension for WindowsStandalone target not found
Native extension for WebGL target not found
Refreshing native plugins compatible for Editor in 0.49 ms, found 3 plugins.
Preloading 0 native plugins for Editor in 0.00 ms.
Mono: successfully reloaded assembly
- Completed reload, in  1.115 seconds
Platform modules already initialized, skipping
Refreshing native plugins compatible for Editor in 0.44 ms, found 3 plugins.
Preloading 0 native plugins for Editor in 0.00 ms.
Unloading 2076 Unused Serialized files (Serialized files now loaded: 0)
System memory in use before: 92.8 MB.
System memory in use after: 92.8 MB.

Unloading 21 unused Assets to reduce memory usage. Loaded Objects now: 2518.
Total: 2.649900 ms (FindLiveObjects: 0.229800 ms CreateObjectMapping: 0.085900 ms MarkObjects: 2.230200 ms  DeleteObjects: 0.103000 ms)

========================================================================
Received Prepare
Registering precompiled user dll's ...
Registered in 0.006213 seconds.
Begin MonoManager ReloadAssembly
Native extension for WindowsStandalone target not found
Native extension for WebGL target not found
Refreshing native plugins compatible for Editor in 0.52 ms, found 3 plugins.
Preloading 0 native plugins for Editor in 0.00 ms.
Mono: successfully reloaded assembly
- Completed reload, in  1.112 seconds
Platform modules already initialized, skipping
Refreshing native plugins compatible for Editor in 0.42 ms, found 3 plugins.
Preloading 0 native plugins for Editor in 0.00 ms.
Unloading 2076 Unused Serialized files (Serialized files now loaded: 0)
System memory in use before: 92.9 MB.
System memory in use after: 92.9 MB.

Unloading 21 unused Assets to reduce memory usage. Loaded Objects now: 2522.
Total: 2.314100 ms (FindLiveObjects: 0.191000 ms CreateObjectMapping: 0.085100 ms MarkObjects: 1.932600 ms  DeleteObjects: 0.104200 ms)

========================================================================
Received Prepare
Registering precompiled user dll's ...
Registered in 0.006255 seconds.
Begin MonoManager ReloadAssembly
Native extension for WindowsStandalone target not found
Native extension for WebGL target not found
Refreshing native plugins compatible for Editor in 0.51 ms, found 3 plugins.
Preloading 0 native plugins for Editor in 0.00 ms.
Mono: successfully reloaded assembly
- Completed reload, in  1.134 seconds
Platform modules already initialized, skipping
Refreshing native plugins compatible for Editor in 0.53 ms, found 3 plugins.
Preloading 0 native plugins for Editor in 0.00 ms.
Unloading 2076 Unused Serialized files (Serialized files now loaded: 0)
System memory in use before: 92.9 MB.
System memory in use after: 92.9 MB.

Unloading 21 unused Assets to reduce memory usage. Loaded Objects now: 2526.
Total: 2.475000 ms (FindLiveObjects: 0.247200 ms CreateObjectMapping: 0.087100 ms MarkObjects: 2.031000 ms  DeleteObjects: 0.107100 ms)

========================================================================
Received Prepare
Registering precompiled user dll's ...
Registered in 0.006792 seconds.
Begin MonoManager ReloadAssembly
Native extension for WindowsStandalone target not found
Native extension for WebGL target not found
Refreshing native plugins compatible for Editor in 0.48 ms, found 3 plugins.
Preloading 0 native plugins for Editor in 0.00 ms.
Mono: successfully reloaded assembly
- Completed reload, in  1.170 seconds
Platform modules already initialized, skipping
Refreshing native plugins compatible for Editor in 0.47 ms, found 3 plugins.
Preloading 0 native plugins for Editor in 0.00 ms.
Unloading 2076 Unused Serialized files (Serialized files now loaded: 0)
System memory in use before: 92.9 MB.
System memory in use after: 92.9 MB.

Unloading 21 unused Assets to reduce memory usage. Loaded Objects now: 2530.
Total: 2.655100 ms (FindLiveObjects: 0.255800 ms CreateObjectMapping: 0.088100 ms MarkObjects: 2.205000 ms  DeleteObjects: 0.104800 ms)

========================================================================
Received Prepare
Registering precompiled user dll's ...
Registered in 0.006308 seconds.
Begin MonoManager ReloadAssembly
Native extension for WindowsStandalone target not found
Native extension for WebGL target not found
Refreshing native plugins compatible for Editor in 0.49 ms, found 3 plugins.
Preloading 0 native plugins for Editor in 0.00 ms.
Mono: successfully reloaded assembly
- Completed reload, in  1.151 seconds
Platform modules already initialized, skipping
Refreshing native plugins compatible for Editor in 0.47 ms, found 3 plugins.
Preloading 0 native plugins for Editor in 0.00 ms.
Unloading 2076 Unused Serialized files (Serialized files now loaded: 0)
System memory in use before: 92.9 MB.
System memory in use after: 92.9 MB.

Unloading 21 unused Assets to reduce memory usage. Loaded Objects now: 2534.
Total: 2.291200 ms (FindLiveObjects: 0.200500 ms CreateObjectMapping: 0.085800 ms MarkObjects: 1.892200 ms  DeleteObjects: 0.111500 ms)

========================================================================
Received Prepare
Registering precompiled user dll's ...
Registered in 0.006271 seconds.
Begin MonoManager ReloadAssembly
Native extension for WindowsStandalone target not found
Native extension for WebGL target not found
Refreshing native plugins compatible for Editor in 0.50 ms, found 3 plugins.
Preloading 0 native plugins for Editor in 0.00 ms.
Mono: successfully reloaded assembly
- Completed reload, in  1.196 seconds
Platform modules already initialized, skipping
Refreshing native plugins compatible for Editor in 0.49 ms, found 3 plugins.
Preloading 0 native plugins for Editor in 0.00 ms.
Unloading 2076 Unused Serialized files (Serialized files now loaded: 0)
System memory in use before: 93.0 MB.
System memory in use after: 92.9 MB.

Unloading 21 unused Assets to reduce memory usage. Loaded Objects now: 2538.
Total: 2.292000 ms (FindLiveObjects: 0.188000 ms CreateObjectMapping: 0.089500 ms MarkObjects: 1.907100 ms  DeleteObjects: 0.106400 ms)

========================================================================
Received Prepare
Registering precompiled user dll's ...
Registered in 0.006195 seconds.
Begin MonoManager ReloadAssembly
Native extension for WindowsStandalone target not found
Native extension for WebGL target not found
Refreshing native plugins compatible for Editor in 0.48 ms, found 3 plugins.
Preloading 0 native plugins for Editor in 0.00 ms.
Mono: successfully reloaded assembly
- Completed reload, in  1.149 seconds
Platform modules already initialized, skipping
Refreshing native plugins compatible for Editor in 0.47 ms, found 3 plugins.
Preloading 0 native plugins for Editor in 0.00 ms.
Unloading 2076 Unused Serialized files (Serialized files now loaded: 0)
System memory in use before: 93.0 MB.
System memory in use after: 92.9 MB.

Unloading 21 unused Assets to reduce memory usage. Loaded Objects now: 2542.
Total: 2.233100 ms (FindLiveObjects: 0.189300 ms CreateObjectMapping: 0.085600 ms MarkObjects: 1.850100 ms  DeleteObjects: 0.107000 ms)

========================================================================
Received Import Request.
  Time since last request: 600.415482 seconds.
  path: Assets/Scenes
  artifactKey: Guid(125021af574e0944a9898f09ac943268) Importer(815301076,1909f56bfc062723c751e8b465ee728b)
Start importing Assets/Scenes using Guid(125021af574e0944a9898f09ac943268) Importer(815301076,1909f56bfc062723c751e8b465ee728b)  -> (artifact id: 'e6c2774bc294775e0bd3bf4a424e3156') in 0.009524 seconds
  Import took 0.012938 seconds .

========================================================================
Received Import Request.
  Time since last request: 1.426808 seconds.
  path: Assets/Scenes/SampleScene.unity
  artifactKey: Guid(2cda990e2423bbf4892e6590ba056729) Importer(815301076,1909f56bfc062723c751e8b465ee728b)
Start importing Assets/Scenes/SampleScene.unity using Guid(2cda990e2423bbf4892e6590ba056729) Importer(815301076,1909f56bfc062723c751e8b465ee728b)  -> (artifact id: '98349025df9f5f4c82c87ea886b65acd') in 0.016697 seconds
  Import took 0.020767 seconds .

========================================================================
Received Prepare
Registering precompiled user dll's ...
Registered in 0.006322 seconds.
Begin MonoManager ReloadAssembly
Native extension for WindowsStandalone target not found
Native extension for WebGL target not found
Refreshing native plugins compatible for Editor in 0.48 ms, found 3 plugins.
Preloading 0 native plugins for Editor in 0.00 ms.
Mono: successfully reloaded assembly
- Completed reload, in  1.108 seconds
Platform modules already initialized, skipping
Refreshing native plugins compatible for Editor in 0.44 ms, found 3 plugins.
Preloading 0 native plugins for Editor in 0.00 ms.
Unloading 2076 Unused Serialized files (Serialized files now loaded: 0)
System memory in use before: 93.0 MB.
System memory in use after: 93.0 MB.

Unloading 21 unused Assets to reduce memory usage. Loaded Objects now: 2546.
Total: 2.259300 ms (FindLiveObjects: 0.177900 ms CreateObjectMapping: 0.085300 ms MarkObjects: 1.890000 ms  DeleteObjects: 0.105200 ms)

========================================================================
Received Import Request.
  Time since last request: 17.137612 seconds.
  path: Assets/Scenes/Level 2.unity
  artifactKey: Guid(37c1c52c3391650418b0b876ff072513) Importer(815301076,1909f56bfc062723c751e8b465ee728b)
Start importing Assets/Scenes/Level 2.unity using Guid(37c1c52c3391650418b0b876ff072513) Importer(815301076,1909f56bfc062723c751e8b465ee728b)  -> (artifact id: '7fa936d7535c167da981d484c4fd0725') in 0.014391 seconds
  Import took 0.017696 seconds .

========================================================================
Received Import Request.
  Time since last request: 8.236675 seconds.
  path: Assets/Scenes/Level 0.unity
  artifactKey: Guid(2cda990e2423bbf4892e6590ba056729) Importer(815301076,1909f56bfc062723c751e8b465ee728b)
Start importing Assets/Scenes/Level 0.unity using Guid(2cda990e2423bbf4892e6590ba056729) Importer(815301076,1909f56bfc062723c751e8b465ee728b)  -> (artifact id: 'd1f894632ab6d448d9bb5ad05a2a70c0') in 0.006489 seconds
  Import took 0.011010 seconds .

========================================================================
Received Import Request.
  Time since last request: 13.418691 seconds.
  path: Assets/Scenes/Level 0.unity
  artifactKey: Guid(2cda990e2423bbf4892e6590ba056729) Importer(815301076,1909f56bfc062723c751e8b465ee728b)
Start importing Assets/Scenes/Level 0.unity using Guid(2cda990e2423bbf4892e6590ba056729) Importer(815301076,1909f56bfc062723c751e8b465ee728b)  -> (artifact id: '9ea564e5f84d421220b9baaa7c0fb4b5') in 0.005641 seconds
  Import took 0.009253 seconds .

========================================================================
Received Import Request.
  Time since last request: 5.669485 seconds.
  path: Assets/Scenes/Level 1.unity
  artifactKey: Guid(37c1c52c3391650418b0b876ff072513) Importer(815301076,1909f56bfc062723c751e8b465ee728b)
Start importing Assets/Scenes/Level 1.unity using Guid(37c1c52c3391650418b0b876ff072513) Importer(815301076,1909f56bfc062723c751e8b465ee728b)  -> (artifact id: '59cb850fecb15cf67b9c020e79d5ccc6') in 0.006154 seconds
  Import took 0.046506 seconds .

========================================================================
Received Import Request.
  Time since last request: 52.943735 seconds.
  path: Assets/Scenes/Level 1.unity
  artifactKey: Guid(4e8e12726dbf8634ca4dc12e455366fa) Importer(815301076,1909f56bfc062723c751e8b465ee728b)
Start importing Assets/Scenes/Level 1.unity using Guid(4e8e12726dbf8634ca4dc12e455366fa) Importer(815301076,1909f56bfc062723c751e8b465ee728b)  -> (artifact id: '082a9e1d6348c4538d1bd3558b4ef823') in 0.005310 seconds
  Import took 0.009613 seconds .

========================================================================
Received Import Request.
  Time since last request: 0.001045 seconds.
  path: Assets/Scenes/Level 1.unity
  artifactKey: Guid(4e8e12726dbf8634ca4dc12e455366fa) Importer(815301076,1909f56bfc062723c751e8b465ee728b)
Start importing Assets/Scenes/Level 1.unity using Guid(4e8e12726dbf8634ca4dc12e455366fa) Importer(815301076,1909f56bfc062723c751e8b465ee728b)  -> (artifact id: '082a9e1d6348c4538d1bd3558b4ef823') in 0.005452 seconds
  Import took 0.008623 seconds .

========================================================================
Received Import Request.
  Time since last request: 1.408916 seconds.
  path: Assets/Scenes/Level 2.unity
  artifactKey: Guid(c2bf23880f8089e45a285013a2d9df89) Importer(815301076,1909f56bfc062723c751e8b465ee728b)
Start importing Assets/Scenes/Level 2.unity using Guid(c2bf23880f8089e45a285013a2d9df89) Importer(815301076,1909f56bfc062723c751e8b465ee728b)  -> (artifact id: 'd0532fd866dd0d59a48832d59957e6b0') in 0.004998 seconds
  Import took 0.040183 seconds .

========================================================================
Received Import Request.
  Time since last request: 0.503691 seconds.
  path: Assets/Scenes/Level 3.unity
  artifactKey: Guid(0c834831b2a79b244a4e04c29c340143) Importer(815301076,1909f56bfc062723c751e8b465ee728b)
Start importing Assets/Scenes/Level 3.unity using Guid(0c834831b2a79b244a4e04c29c340143) Importer(815301076,1909f56bfc062723c751e8b465ee728b)  -> (artifact id: '57a13c7e751a190c2dbb14d9ead3f1f4') in 0.006738 seconds
  Import took 0.010569 seconds .

========================================================================
Received Import Request.
  Time since last request: 0.320458 seconds.
  path: Assets/Scenes/Level 4.unity
  artifactKey: Guid(cf9d8c7fdd245414997989f8716b70fb) Importer(815301076,1909f56bfc062723c751e8b465ee728b)
Start importing Assets/Scenes/Level 4.unity using Guid(cf9d8c7fdd245414997989f8716b70fb) Importer(815301076,1909f56bfc062723c751e8b465ee728b)  -> (artifact id: '75071dfb520a1e1bbe874410b0f208b0') in 0.006111 seconds
  Import took 0.009605 seconds .

========================================================================
Received Import Request.
  Time since last request: 0.000821 seconds.
  path: Assets/Scenes/Level 4.unity
  artifactKey: Guid(cf9d8c7fdd245414997989f8716b70fb) Importer(815301076,1909f56bfc062723c751e8b465ee728b)
Start importing Assets/Scenes/Level 4.unity using Guid(cf9d8c7fdd245414997989f8716b70fb) Importer(815301076,1909f56bfc062723c751e8b465ee728b)  -> (artifact id: '75071dfb520a1e1bbe874410b0f208b0') in 0.005517 seconds
  Import took 0.008663 seconds .

========================================================================
Received Import Request.
  Time since last request: 0.725171 seconds.
  path: Assets/Scenes/Level 5.unity
  artifactKey: Guid(c4a691ee0fefb294eaf9755e55a95a9c) Importer(815301076,1909f56bfc062723c751e8b465ee728b)
Start importing Assets/Scenes/Level 5.unity using Guid(c4a691ee0fefb294eaf9755e55a95a9c) Importer(815301076,1909f56bfc062723c751e8b465ee728b)  -> (artifact id: 'd73e35f5c08495aa0e2d5f808c35b5c2') in 0.006370 seconds
  Import took 0.010175 seconds .

========================================================================
Received Import Request.
  Time since last request: 0.000442 seconds.
  path: Assets/Scenes/Level 5.unity
  artifactKey: Guid(c4a691ee0fefb294eaf9755e55a95a9c) Importer(815301076,1909f56bfc062723c751e8b465ee728b)
Start importing Assets/Scenes/Level 5.unity using Guid(c4a691ee0fefb294eaf9755e55a95a9c) Importer(815301076,1909f56bfc062723c751e8b465ee728b)  -> (artifact id: 'd73e35f5c08495aa0e2d5f808c35b5c2') in 0.010530 seconds
  Import took 0.013599 seconds .

========================================================================
Received Import Request.
  Time since last request: 82.678580 seconds.
  path: Assets/Scenes/Level 1.unity
  artifactKey: Guid(4e8e12726dbf8634ca4dc12e455366fa) Importer(815301076,1909f56bfc062723c751e8b465ee728b)
Start importing Assets/Scenes/Level 1.unity using Guid(4e8e12726dbf8634ca4dc12e455366fa) Importer(815301076,1909f56bfc062723c751e8b465ee728b)  -> (artifact id: 'f80cbed70d9a24ad595260d9783ca193') in 0.005699 seconds
  Import took 0.033416 seconds .

AssetImportWorkerClient::OnTransportError - code=2 error=End of file
